
========================[ Apr 18, 2020  7:36 PM ]========================
Version 2.2.26 [Sep-21-2011]
Started database file "../databases/HumanPF00014.fasta"
Formatted 18 sequences in volume 0
SUCCESS: formatted database ../databases/HumanPF00014.fasta

========================[ Apr 18, 2020  7:36 PM ]========================
Version 2.2.26 [Sep-21-2011]
Started database file "../databases/NotHumanPF00014.fasta"
ERROR: [000.000] Could not open ../databases/NotHumanPF00014.fasta


========================[ Apr 18, 2020  7:37 PM ]========================
Version 2.2.26 [Sep-21-2011]
Started database file "../databases/HumanPF00014.fasta"
Formatted 18 sequences in volume 0
SUCCESS: formatted database ../databases/HumanPF00014.fasta

========================[ Apr 18, 2020  7:37 PM ]========================
Version 2.2.26 [Sep-21-2011]
Started database file "../databases/NOTHumanPF00014.fasta"
Formatted 341 sequences in volume 0
SUCCESS: formatted database ../databases/NOTHumanPF00014.fasta

========================[ Apr 18, 2020  7:37 PM ]========================
Version 2.2.26 [Sep-21-2011]
Started database file "../databases/HumanPF00014.fasta"
Formatted 18 sequences in volume 0
SUCCESS: formatted database ../databases/HumanPF00014.fasta

========================[ Apr 18, 2020  7:37 PM ]========================
Version 2.2.26 [Sep-21-2011]
Started database file "../databases/NOTHumanPF00014.fasta"
Formatted 341 sequences in volume 0
SUCCESS: formatted database ../databases/NOTHumanPF00014.fasta

========================[ Apr 18, 2020  7:38 PM ]========================
Version 2.2.26 [Sep-21-2011]
Started database file "../databases/HumanNOTPF00014.fasta"
Formatted 20347 sequences in volume 0
SUCCESS: formatted database ../databases/HumanNOTPF00014.fasta
